<?xml version="1.0" encoding="UTF-8"?>
<con:testCase id="cd155ac0-cd1f-46db-a3a7-dc69379cb141" discardOkResults="false" failOnError="false" failTestCaseOnErrors="true" keepSession="false" name="Test Case 2" searchProperties="true" timeout="0" xmlns:con="http://eviware.com/soapui/config">
  <con:settings>
    <con:setting id="cd155ac0-cd1f-46db-a3a7-dc69379cb141fileName">Test-Case-2</con:setting>
  </con:settings>
  <con:testStep type="datasource" name="Data Source" id="01b65994-92cc-4f39-a8e6-732fcdd66998">
    <con:settings/>
    <con:config xsi:type="con:DataSourceStep" xmlns:xsi="http://www.w3.org/2001/XMLSchema-instance">
      <con:dataSource type="Excel">
        <con:configuration>
          <file>C:/Users/sarah.souza/OneDrive - SmartBear Software, Inc/Excel/pokemans.xlsx</file>
          <worksheet/>
          <cell>A1</cell>
          <ignoreEmpty>false</ignoreEmpty>
          <evaluateFormulas>false</evaluateFormulas>
        </con:configuration>
      </con:dataSource>
      <con:shared>true</con:shared>
      <con:restartShared>true</con:restartShared>
      <con:property>pokemon</con:property>
      <con:restartOnRun>true</con:restartOnRun>
      <con:stopDatasourceExhausted>false</con:stopDatasourceExhausted>
    </con:config>
  </con:testStep>
  <con:testStep type="restrequest" name="REST Request" id="2bb68738-7e2b-476e-a138-110ff3f72185">
    <con:settings/>
    <con:config service="https://pokeapi.co" resourcePath="/api/v2/pokemon/{pokemon_name}" methodName="GetPokemonInfo" xsi:type="con:RestRequestStep" xmlns:xsi="http://www.w3.org/2001/XMLSchema-instance">
      <con:restRequest name="REST Request" id="3083215e-63c8-4921-b446-55fd1318d0ba" mediaType="application/json">
        <con:settings>
          <con:setting id="com.eviware.soapui.impl.wsdl.WsdlRequest@request-headers">&lt;xml-fragment/></con:setting>
        </con:settings>
        <con:endpoint>https://pokeapi.co</con:endpoint>
        <con:request/>
        <con:originalUri>https://pokeapi.co/api/v2/pokemon/pikachu</con:originalUri>
        <con:assertion type="Valid HTTP Status Codes" id="670b2c68-b7a0-4970-8028-23ddb4d05eb2" name="Valid HTTP Status Codes">
          <con:settings/>
          <con:configuration>
            <codes>200</codes>
          </con:configuration>
        </con:assertion>
        <con:assertion type="Response SLA Assertion" id="1027857e-ce80-42e7-bf6f-d1a04688d204" name="Response SLA">
          <con:configuration>
            <SLA>300</SLA>
          </con:configuration>
        </con:assertion>
        <con:credentials>
          <con:selectedAuthProfile>No Authorization</con:selectedAuthProfile>
          <con:authType>No Authorization</con:authType>
        </con:credentials>
        <con:jmsConfig JMSDeliveryMode="PERSISTENT"/>
        <con:parameters>
          <con:entry key="pokemon_name" value="${Data Source#pokemon}"/>
        </con:parameters>
        <con:parameterOrder>
          <con:entry>pokemon_name</con:entry>
        </con:parameterOrder>
        <con:environmentSpec>
          <con:entry environmentId="d44ddad8-9168-4b28-acb3-f5ca870102f3">
            <con:authProfile>Inherit From Parent</con:authProfile>
          </con:entry>
          <con:entry environmentId="d1b8412f-f25e-434b-981e-1a2c68f298fb">
            <con:authProfile>Inherit From Parent</con:authProfile>
          </con:entry>
        </con:environmentSpec>
      </con:restRequest>
    </con:config>
  </con:testStep>
  <con:testStep type="datasourceloop" name="Data Source Loop" id="205ffa7b-5be1-418d-be42-9c109def583b">
    <con:settings/>
    <con:config>
      <dataSourceStep>Data Source</dataSourceStep>
      <targetStep>REST Request</targetStep>
      <discardResults>false</discardResults>
    </con:config>
  </con:testStep>
  <con:properties/>
  <con:reportParameters/>
</con:testCase>
